-------------------------------------------------------------------------------
Test set: echecs.MainNGTest
-------------------------------------------------------------------------------
Tests run: 1, Failures: 1, Errors: 0, Skipped: 0, Time elapsed: 0.587 sec <<< FAILURE!
testMain(echecs.MainNGTest)  Time elapsed: 0.156 sec  <<< FAILURE!
java.lang.AssertionError: The test case is a prototype.
	at org.testng.Assert.fail(Assert.java:96)
	at echecs.MainNGTest.testMain(MainNGTest.java:49)
