-------------------------------------------------------------------------------
Test set: TestSuite
-------------------------------------------------------------------------------
Tests run: 13, Failures: 8, Errors: 0, Skipped: 0, Time elapsed: 0.729 sec <<< FAILURE!
testPosition(dao.EchecsDaoNGTest)  Time elapsed: 0.007 sec  <<< FAILURE!
java.lang.AssertionError: The test case is a prototype.
	at org.testng.Assert.fail(Assert.java:96)
	at dao.EchecsDaoNGTest.testPosition(EchecsDaoNGTest.java:66)

testReadEchec(dao.EchecsDaoNGTest)  Time elapsed: 0.005 sec  <<< FAILURE!
java.lang.AssertionError: The test case is a prototype.
	at org.testng.Assert.fail(Assert.java:96)
	at dao.EchecsDaoNGTest.testReadEchec(EchecsDaoNGTest.java:52)

testWriteEchec(dao.EchecsDaoNGTest)  Time elapsed: 0.002 sec  <<< FAILURE!
java.lang.AssertionError: The test case is a prototype.
	at org.testng.Assert.fail(Assert.java:96)
	at dao.EchecsDaoNGTest.testWriteEchec(EchecsDaoNGTest.java:78)

testMain(echecs.MainNGTest)  Time elapsed: 0.133 sec  <<< FAILURE!
java.lang.NullPointerException
	at vue.FrmMain.<init>(FrmMain.java:11)
	at echecs.Main.main(Main.java:9)
	at echecs.MainNGTest.testMain(MainNGTest.java:47)

testFermer(vue.FrmMainNGTest)  Time elapsed: 0.009 sec  <<< FAILURE!
java.lang.NullPointerException
	at vue.FrmMain.<init>(FrmMain.java:11)
	at vue.FrmMainNGTest.testFermer(FrmMainNGTest.java:47)

testRetourne(vue.FrmMainNGTest)  Time elapsed: 0.01 sec  <<< FAILURE!
java.lang.NullPointerException
	at vue.FrmMain.<init>(FrmMain.java:11)
	at vue.FrmMainNGTest.testRetourne(FrmMainNGTest.java:60)

testGetInstance(vue.FrmNouveauNGTest)  Time elapsed: 0.032 sec  <<< FAILURE!
java.lang.AssertionError: expected [null] but found [vue.FrmNouveau[frame0,0,0,337x297,invalid,hidden,layout=javax.swing.GroupLayout,title=Saisie d'un nouveau joueur,resizable,normal]]
	at org.testng.Assert.fail(Assert.java:96)
	at org.testng.Assert.failNotEquals(Assert.java:776)
	at org.testng.Assert.assertEqualsImpl(Assert.java:132)
	at org.testng.Assert.assertEquals(Assert.java:118)
	at org.testng.Assert.assertEquals(Assert.java:442)
	at vue.FrmNouveauNGTest.testGetInstance(FrmNouveauNGTest.java:49)

testValide(vue.FrmNouveauNGTest)  Time elapsed: 0.019 sec  <<< FAILURE!
java.lang.AssertionError: The test case is a prototype.
	at org.testng.Assert.fail(Assert.java:96)
	at vue.FrmNouveauNGTest.testValide(FrmNouveauNGTest.java:65)

